#
# There is insufficient memory for the Java Runtime Environment to continue.
# Native memory allocation (malloc) failed to allocate 1048576 bytes for AllocateHeap
# Possible reasons:
#   The system is out of physical RAM or swap space
#   The process is running with CompressedOops enabled, and the Java Heap may be blocking the growth of the native heap
# Possible solutions:
#   Reduce memory load on the system
#   Increase physical memory or swap space
#   Check if swap backing store is full
#   Decrease Java heap size (-Xmx/-Xms)
#   Decrease number of Java threads
#   Decrease Java thread stack sizes (-Xss)
#   Set larger code cache with -XX:ReservedCodeCacheSize=
#   JVM is running with Unscaled Compressed Oops mode in which the Java heap is
#     placed in the first 4GB address space. The Java Heap base address is the
#     maximum limit for the native heap growth. Please use -XX:HeapBaseMinAddress
#     to set the Java Heap base and to place the Java Heap above 4GB virtual address.
# This output file may be truncated or incomplete.
#
#  Out of Memory Error (./src/hotspot/share/memory/allocation.cpp:46), pid=17372, tid=17644
#
# JRE version: OpenJDK Runtime Environment (11.0.12+7) (build 11.0.12+7-b1504.28-7817840)
# Java VM: OpenJDK 64-Bit Server VM (11.0.12+7-b1504.28-7817840, mixed mode, tiered, compressed oops, g1 gc, windows-amd64)
# No core dump will be written. Minidumps are not enabled by default on client versions of Windows
#

---------------  S U M M A R Y ------------

Command Line: --add-opens=java.base/java.util=ALL-UNNAMED --add-opens=java.base/java.lang=ALL-UNNAMED --add-opens=java.base/java.lang.invoke=ALL-UNNAMED --add-opens=java.base/java.util=ALL-UNNAMED --add-opens=java.prefs/java.util.prefs=ALL-UNNAMED --add-opens=java.prefs/java.util.prefs=ALL-UNNAMED --add-opens=java.base/java.nio.charset=ALL-UNNAMED --add-opens=java.base/java.net=ALL-UNNAMED --add-opens=java.base/java.util.concurrent.atomic=ALL-UNNAMED -Xmx2048m -Dfile.encoding=UTF-8 -Duser.country=US -Duser.language=en -Duser.variant org.gradle.launcher.daemon.bootstrap.GradleDaemon 7.3.3

Host: Intel(R) Core(TM) i7-4600U CPU @ 2.10GHz, 4 cores, 15G,  Windows 10 , 64 bit Build 19041 (10.0.19041.1889)
Time: Sun Oct 23 21:34:50 2022 Sri Lanka Standard Time elapsed time: 7.178109 seconds (0d 0h 0m 7s)

---------------  T H R E A D  ---------------

Current thread (0x0000026224e65000):  VMThread "VM Thread" [stack: 0x000000dc74300000,0x000000dc74400000] [id=17644]

Stack: [0x000000dc74300000,0x000000dc74400000]
[error occurred during error reporting (printing stack bounds), id 0xc0000005, EXCEPTION_ACCESS_VIOLATION (0xc0000005) at pc=0x000002620ed4112d]

Native frames: (J=compiled Java code, j=interpreted, Vv=VM code, C=native code)
V  [jvm.dll+0x5fbcea]
V  [jvm.dll+0x731905]
V  [jvm.dll+0x732f1d]
V  [jvm.dll+0x733535]
V  [jvm.dll+0x7334eb]
V  [jvm.dll+0x5fb080]
V  [jvm.dll+0x5fb818]
C  [ntdll.dll+0xa235f]
C  [ntdll.dll+0x514a4]
C  [ntdll.dll+0xa0e8e]
C  0x000002620ed4112d

VM_Operation (0x000000dc757f89d0): CollectForMetadataAllocation, mode: safepoint, requested by thread 0x0000026226728000


---------------  P R O C E S S  ---------------

Threads class SMR info:
_java_thread_list=0x0000026225dca1b0, length=24, elements={
0x000002620b22e800, 0x0000026225691800, 0x0000026225694800, 0x00000262256f2000,
0x00000262256f3000, 0x00000262256f5800, 0x00000262256f8000, 0x0000026225702800,
0x000002622570b000, 0x000002622586e800, 0x00000262271ba000, 0x0000026225a6c800,
0x00000262285f9000, 0x00000262268ad000, 0x0000026228a35000, 0x000002622723e800,
0x0000026226728000, 0x0000026226729000, 0x000002622887c000, 0x0000026227085800,
0x0000026227084800, 0x0000026227083000, 0x0000026227083800, 0x0000026227086000
}

Java Threads: ( => current thread )
  0x000002620b22e800 JavaThread "main" [_thread_blocked, id=9756, stack(0x000000dc73d00000,0x000000dc73e00000)]
  0x0000026225691800 JavaThread "Reference Handler" daemon [_thread_blocked, id=15968, stack(0x000000dc74400000,0x000000dc74500000)]
  0x0000026225694800 JavaThread "Finalizer" daemon [_thread_blocked, id=21168, stack(0x000000dc74500000,0x000000dc74600000)]
  0x00000262256f2000 JavaThread "Signal Dispatcher" daemon [_thread_blocked, id=20020, stack(0x000000dc74600000,0x000000dc74700000)]
  0x00000262256f3000 JavaThread "Attach Listener" daemon [_thread_blocked, id=18220, stack(0x000000dc74700000,0x000000dc74800000)]
  0x00000262256f5800 JavaThread "Service Thread" daemon [_thread_blocked, id=11360, stack(0x000000dc74800000,0x000000dc74900000)]
  0x00000262256f8000 JavaThread "C2 CompilerThread0" daemon [_thread_blocked, id=1464, stack(0x000000dc74900000,0x000000dc74a00000)]
  0x0000026225702800 JavaThread "C1 CompilerThread0" daemon [_thread_blocked, id=11524, stack(0x000000dc74a00000,0x000000dc74b00000)]
  0x000002622570b000 JavaThread "Sweeper thread" daemon [_thread_blocked, id=14532, stack(0x000000dc74b00000,0x000000dc74c00000)]
  0x000002622586e800 JavaThread "Common-Cleaner" daemon [_thread_blocked, id=2464, stack(0x000000dc74c00000,0x000000dc74d00000)]
  0x00000262271ba000 JavaThread "Daemon health stats" [_thread_blocked, id=20884, stack(0x000000dc75200000,0x000000dc75300000)]
  0x0000026225a6c800 JavaThread "Incoming local TCP Connector on port 61557" [_thread_in_native, id=20476, stack(0x000000dc74e00000,0x000000dc74f00000)]
  0x00000262285f9000 JavaThread "Daemon periodic checks" [_thread_blocked, id=14644, stack(0x000000dc75300000,0x000000dc75400000)]
  0x00000262268ad000 JavaThread "Daemon" [_thread_blocked, id=12132, stack(0x000000dc75400000,0x000000dc75500000)]
  0x0000026228a35000 JavaThread "Handler for socket connection from /127.0.0.1:61557 to /127.0.0.1:61558" [_thread_in_native, id=12488, stack(0x000000dc75500000,0x000000dc75600000)]
  0x000002622723e800 JavaThread "Cancel handler" [_thread_blocked, id=3564, stack(0x000000dc75600000,0x000000dc75700000)]
  0x0000026226728000 JavaThread "Daemon worker" [_thread_blocked, id=10856, stack(0x000000dc75700000,0x000000dc75800000)]
  0x0000026226729000 JavaThread "Asynchronous log dispatcher for DefaultDaemonConnection: socket connection from /127.0.0.1:61557 to /127.0.0.1:61558" [_thread_blocked, id=8160, stack(0x000000dc75800000,0x000000dc75900000)]
  0x000002622887c000 JavaThread "Stdin handler" [_thread_blocked, id=9468, stack(0x000000dc75900000,0x000000dc75a00000)]
  0x0000026227085800 JavaThread "Daemon client event forwarder" [_thread_blocked, id=20964, stack(0x000000dc75a00000,0x000000dc75b00000)]
  0x0000026227084800 JavaThread "Cache worker for journal cache (C:\Users\Kolitha\.gradle\caches\journal-1)" [_thread_blocked, id=15656, stack(0x000000dc75b00000,0x000000dc75c00000)]
  0x0000026227083000 JavaThread "File lock request listener" [_thread_in_native, id=20504, stack(0x000000dc75c00000,0x000000dc75d00000)]
  0x0000026227083800 JavaThread "Cache worker for file hash cache (C:\Users\Kolitha\.gradle\caches\7.3.3\fileHashes)" [_thread_blocked, id=16700, stack(0x000000dc75d00000,0x000000dc75e00000)]
  0x0000026227086000 JavaThread "Cache worker for file hash cache (C:\Users\Kolitha\AndroidStudioProjects\MADProject\.gradle\7.3.3\fileHashes)" [_thread_blocked, id=17400, stack(0x000000dc75e00000,0x000000dc75f00000)]

Other Threads:
=>0x0000026224e65000 VMThread "VM Thread" [stack: 0x000000dc74300000,0x000000dc74400000] [id=17644]
  0x00000262258ba000 WatcherThread [stack: 0x000000dc74d00000,0x000000dc74e00000] [id=17808]
  0x000002620b245000 GCTaskThread "GC Thread#0" [stack: 0x000000dc73e00000,0x000000dc73f00000] [id=4180]
  0x0000026225a63000 GCTaskThread "GC Thread#1" [stack: 0x000000dc74f00000,0x000000dc75000000] [id=21428]
  0x000002622636d800 GCTaskThread "GC Thread#2" [stack: 0x000000dc75000000,0x000000dc75100000] [id=17840]
  0x000002622636e000 GCTaskThread "GC Thread#3" [stack: 0x000000dc75100000,0x000000dc75200000] [id=15944]
  0x000002620b276000 ConcurrentGCThread "G1 Main Marker" [stack: 0x000000dc73f00000,0x000000dc74000000] [id=20316]
  0x000002620b277000 ConcurrentGCThread "G1 Conc#0" [stack: 0x000000dc74000000,0x000000dc74100000] [id=18508]
  0x0000026224cd0800 ConcurrentGCThread "G1 Refine#0" [stack: 0x000000dc74100000,0x000000dc74200000] [id=10852]
  0x0000026224cd1800 ConcurrentGCThread "G1 Young RemSet Sampling" [stack: 0x000000dc74200000,0x000000dc74300000] [id=15636]

Threads with active compile tasks:
C2 CompilerThread0   7200 2169       4       jdk.internal.org.objectweb.asm.ByteVector::putByte (39 bytes)
C1 CompilerThread0   7201 2175       3       java.util.concurrent.ConcurrentHashMap::tableSizeFor (32 bytes)

VM state:at safepoint (normal execution)

VM Mutex/Monitor currently owned by a thread:  ([mutex/lock_event])
[0x000002620b229e00] Threads_lock - owner thread: 0x0000026224e65000
[0x000002620b229bc0] Heap_lock - owner thread: 0x0000026226728000

Heap address: 0x0000000080000000, size: 2048 MB, Compressed Oops mode: 32-bit
Narrow klass base: 0x0000000000000000, Narrow klass shift: 3
Compressed class space size: 1073741824 Address: 0x0000000100000000

Heap:
 garbage-first heap   total 262144K, used 19221K [0x0000000080000000, 0x0000000100000000)
  region size 1024K, 3 young (3072K), 3 survivors (3072K)
 Metaspace       used 24546K, capacity 25096K, committed 25216K, reserved 1083392K
  class space    used 3125K, capacity 3354K, committed 3456K, reserved 1048576K
Heap Regions: E=young(eden), S=young(survivor), O=old, HS=humongous(starts), HC=humongous(continues), CS=collection set, F=free, A=archive, TAMS=top-at-mark-start (previous, next)
|   0|0x0000000080000000, 0x0000000080100000, 0x0000000080100000|100%| O|  |TAMS 0x0000000080100000, 0x0000000080100000| Untracked 
|   1|0x0000000080100000, 0x0000000080200000, 0x0000000080200000|100%| O|  |TAMS 0x0000000080200000, 0x0000000080200000| Untracked 
|   2|0x0000000080200000, 0x0000000080300000, 0x0000000080300000|100%| O|  |TAMS 0x0000000080300000, 0x0000000080300000| Untracked 
|   3|0x0000000080300000, 0x0000000080400000, 0x0000000080400000|100%|HS|  |TAMS 0x0000000080400000, 0x0000000080400000| Complete 
|   4|0x0000000080400000, 0x0000000080500000, 0x0000000080500000|100%|HC|  |TAMS 0x0000000080500000, 0x0000000080500000| Complete 
|   5|0x0000000080500000, 0x0000000080600000, 0x0000000080600000|100%|HC|  |TAMS 0x0000000080600000, 0x0000000080600000| Complete 
|   6|0x0000000080600000, 0x0000000080700000, 0x0000000080700000|100%| O|  |TAMS 0x0000000080700000, 0x0000000080700000| Untracked 
|   7|0x0000000080700000, 0x0000000080800000, 0x0000000080800000|100%| O|  |TAMS 0x0000000080800000, 0x0000000080800000| Untracked 
|   8|0x0000000080800000, 0x0000000080900000, 0x0000000080900000|100%| O|  |TAMS 0x0000000080900000, 0x0000000080900000| Untracked 
|   9|0x0000000080900000, 0x0000000080a00000, 0x0000000080a00000|100%| O|  |TAMS 0x000000008098b000, 0x0000000080a00000| Untracked 
|  10|0x0000000080a00000, 0x0000000080b00000, 0x0000000080b00000|100%| O|  |TAMS 0x0000000080a00000, 0x0000000080b00000| Untracked 
|  11|0x0000000080b00000, 0x0000000080c00000, 0x0000000080c00000|100%| O|  |TAMS 0x0000000080b00000, 0x0000000080c00000| Untracked 
|  12|0x0000000080c00000, 0x0000000080d00000, 0x0000000080d00000|100%| O|  |TAMS 0x0000000080c00000, 0x0000000080d00000| Untracked 
|  13|0x0000000080d00000, 0x0000000080e00000, 0x0000000080e00000|100%| O|  |TAMS 0x0000000080d00000, 0x0000000080e00000| Untracked 
|  14|0x0000000080e00000, 0x0000000080f00000, 0x0000000080f00000|100%| O|  |TAMS 0x0000000080e00000, 0x0000000080f00000| Untracked 
|  15|0x0000000080f00000, 0x0000000081000000, 0x0000000081000000|100%| O|  |TAMS 0x0000000080f00000, 0x0000000081000000| Untracked 
|  16|0x0000000081000000, 0x0000000081052c00, 0x0000000081100000| 32%| O|  |TAMS 0x0000000081000000, 0x0000000081052c00| Untracked 
|  17|0x0000000081100000, 0x0000000081100000, 0x0000000081200000|  0%| F|  |TAMS 0x0000000081100000, 0x0000000081100000| Untracked 
|  18|0x0000000081200000, 0x0000000081200000, 0x0000000081300000|  0%| F|  |TAMS 0x0000000081200000, 0x0000000081200000| Untracked 
|  19|0x0000000081300000, 0x0000000081300000, 0x0000000081400000|  0%| F|  |TAMS 0x0000000081300000, 0x0000000081300000| Untracked 
|  20|0x0000000081400000, 0x0000000081400000, 0x0000000081500000|  0%| F|  |TAMS 0x0000000081400000, 0x0000000081400000| Untracked 
|  21|0x0000000081500000, 0x0000000081500000, 0x0000000081600000|  0%| F|  |TAMS 0x0000000081500000, 0x0000000081500000| Untracked 
|  22|0x0000000081600000, 0x0000000081600000, 0x0000000081700000|  0%| F|  |TAMS 0x0000000081600000, 0x0000000081600000| Untracked 
|  23|0x0000000081700000, 0x0000000081700000, 0x0000000081800000|  0%| F|  |TAMS 0x0000000081700000, 0x0000000081700000| Untracked 
|  24|0x0000000081800000, 0x0000000081800000, 0x0000000081900000|  0%| F|  |TAMS 0x0000000081800000, 0x0000000081800000| Untracked 
|  25|0x0000000081900000, 0x0000000081900000, 0x0000000081a00000|  0%| F|  |TAMS 0x0000000081900000, 0x0000000081900000| Untracked 
|  26|0x0000000081a00000, 0x0000000081a00000, 0x0000000081b00000|  0%| F|  |TAMS 0x0000000081a00000, 0x0000000081a00000| Untracked 
|  27|0x0000000081b00000, 0x0000000081b00000, 0x0000000081c00000|  0%| F|  |TAMS 0x0000000081b00000, 0x0000000081b00000| Untracked 
|  28|0x0000000081c00000, 0x0000000081c00000, 0x0000000081d00000|  0%| F|  |TAMS 0x0000000081c00000, 0x0000000081c00000| Untracked 
|  29|0x0000000081d00000, 0x0000000081d00000, 0x0000000081e00000|  0%| F|  |TAMS 0x0000000081d00000, 0x0000000081d00000| Untracked 
|  30|0x0000000081e00000, 0x0000000081e00000, 0x0000000081f00000|  0%| F|  |TAMS 0x0000000081e00000, 0x0000000081e00000| Untracked 
|  31|0x0000000081f00000, 0x0000000081f00000, 0x0000000082000000|  0%| F|  |TAMS 0x0000000081f00000, 0x0000000081f00000| Untracked 
|  32|0x0000000082000000, 0x0000000082000000, 0x0000000082100000|  0%| F|  |TAMS 0x0000000082000000, 0x0000000082000000| Untracked 
|  33|0x0000000082100000, 0x0000000082100000, 0x0000000082200000|  0%| F|  |TAMS 0x0000000082100000, 0x0000000082100000| Untracked 
|  34|0x0000000082200000, 0x0000000082200000, 0x0000000082300000|  0%| F|  |TAMS 0x0000000082200000, 0x0000000082200000| Untracked 
|  35|0x0000000082300000, 0x0000000082300000, 0x0000000082400000|  0%| F|  |TAMS 0x0000000082300000, 0x0000000082300000| Untracked 
|  36|0x0000000082400000, 0x0000000082400000, 0x0000000082500000|  0%| F|  |TAMS 0x0000000082400000, 0x0000000082400000| Untracked 
|  37|0x0000000082500000, 0x0000000082500000, 0x0000000082600000|  0%| F|  |TAMS 0x0000000082500000, 0x0000000082500000| Untracked 
|  38|0x0000000082600000, 0x0000000082600000, 0x0000000082700000|  0%| F|  |TAMS 0x0000000082600000, 0x0000000082600000| Untracked 
|  39|0x0000000082700000, 0x0000000082700000, 0x0000000082800000|  0%| F|  |TAMS 0x0000000082700000, 0x0000000082700000| Untracked 
|  40|0x0000000082800000, 0x0000000082800000, 0x0000000082900000|  0%| F|  |TAMS 0x0000000082800000, 0x0000000082800000| Untracked 
|  41|0x0000000082900000, 0x0000000082900000, 0x0000000082a00000|  0%| F|  |TAMS 0x0000000082900000, 0x0000000082900000| Untracked 
|  42|0x0000000082a00000, 0x0000000082a00000, 0x0000000082b00000|  0%| F|  |TAMS 0x0000000082a00000, 0x0000000082a00000| Untracked 
|  43|0x0000000082b00000, 0x0000000082b00000, 0x0000000082c00000|  0%| F|  |TAMS 0x0000000082b00000, 0x0000000082b00000| Untracked 
|  44|0x0000000082c00000, 0x0000000082c00000, 0x0000000082d00000|  0%| F|  |TAMS 0x0000000082c00000, 0x0000000082c00000| Untracked 
|  45|0x0000000082d00000, 0x0000000082d00000, 0x0000000082e00000|  0%| F|  |TAMS 0x0000000082d00000, 0x0000000082d00000| Untracked 
|  46|0x0000000082e00000, 0x0000000082e00000, 0x0000000082f00000|  0%| F|  |TAMS 0x0000000082e00000, 0x0000000082e00000| Untracked 
|  47|0x0000000082f00000, 0x0000000082f00000, 0x0000000083000000|  0%| F|  |TAMS 0x0000000082f00000, 0x0000000082f00000| Untracked 
|  48|0x0000000083000000, 0x0000000083000000, 0x0000000083100000|  0%| F|  |TAMS 0x0000000083000000, 0x0000000083000000| Untracked 
|  49|0x0000000083100000, 0x0000000083100000, 0x0000000083200000|  0%| F|  |TAMS 0x0000000083100000, 0x0000000083100000| Untracked 
|  50|0x0000000083200000, 0x0000000083200000, 0x0000000083300000|  0%| F|  |TAMS 0x0000000083200000, 0x0000000083200000| Untracked 
|  51|0x0000000083300000, 0x0000000083300000, 0x0000000083400000|  0%| F|  |TAMS 0x0000000083300000, 0x0000000083300000| Untracked 
|  52|0x0000000083400000, 0x0000000083400000, 0x0000000083500000|  0%| F|  |TAMS 0x0000000083400000, 0x0000000083400000| Untracked 
|  53|0x0000000083500000, 0x0000000083500000, 0x0000000083600000|  0%| F|  |TAMS 0x0000000083500000, 0x0000000083500000| Untracked 
|  54|0x0000000083600000, 0x0000000083600000, 0x0000000083700000|  0%| F|  |TAMS 0x0000000083600000, 0x0000000083600000| Untracked 
|  55|0x0000000083700000, 0x0000000083700000, 0x0000000083800000|  0%| F|  |TAMS 0x0000000083700000, 0x0000000083700000| Untracked 
|  56|0x0000000083800000, 0x0000000083800000, 0x0000000083900000|  0%| F|  |TAMS 0x0000000083800000, 0x0000000083800000| Untracked 
|  57|0x0000000083900000, 0x0000000083900000, 0x0000000083a00000|  0%| F|  |TAMS 0x0000000083900000, 0x0000000083900000| Untracked 
|  58|0x0000000083a00000, 0x0000000083a00000, 0x0000000083b00000|  0%| F|  |TAMS 0x0000000083a00000, 0x0000000083a00000| Untracked 
|  59|0x0000000083b00000, 0x0000000083b00000, 0x0000000083c00000|  0%| F|  |TAMS 0x0000000083b00000, 0x0000000083b00000| Untracked 
|  60|0x0000000083c00000, 0x0000000083c00000, 0x0000000083d00000|  0%| F|  |TAMS 0x0000000083c00000, 0x0000000083c00000| Untracked 
|  61|0x0000000083d00000, 0x0000000083d00000, 0x0000000083e00000|  0%| F|  |TAMS 0x0000000083d00000, 0x0000000083d00000| Untracked 
|  62|0x0000000083e00000, 0x0000000083e00000, 0x0000000083f00000|  0%| F|  |TAMS 0x0000000083e00000, 0x0000000083e00000| Untracked 
|  63|0x0000000083f00000, 0x0000000083f00000, 0x0000000084000000|  0%| F|  |TAMS 0x0000000083f00000, 0x0000000083f00000| Untracked 
|  64|0x0000000084000000, 0x0000000084000000, 0x0000000084100000|  0%| F|  |TAMS 0x0000000084000000, 0x0000000084000000| Untracked 
|  65|0x0000000084100000, 0x0000000084100000, 0x0000000084200000|  0%| F|  |TAMS 0x0000000084100000, 0x0000000084100000| Untracked 
|  66|0x0000000084200000, 0x0000000084200000, 0x0000000084300000|  0%| F|  |TAMS 0x0000000084200000, 0x0000000084200000| Untracked 
|  67|0x0000000084300000, 0x0000000084300000, 0x0000000084400000|  0%| F|  |TAMS 0x0000000084300000, 0x0000000084300000| Untracked 
|  68|0x0000000084400000, 0x0000000084400000, 0x0000000084500000|  0%| F|  |TAMS 0x0000000084400000, 0x0000000084400000| Untracked 
|  69|0x0000000084500000, 0x0000000084500000, 0x0000000084600000|  0%| F|  |TAMS 0x0000000084500000, 0x0000000084500000| Untracked 
|  70|0x0000000084600000, 0x0000000084600000, 0x0000000084700000|  0%| F|  |TAMS 0x0000000084600000, 0x0000000084600000| Untracked 
|  71|0x0000000084700000, 0x0000000084700000, 0x0000000084800000|  0%| F|  |TAMS 0x0000000084700000, 0x0000000084700000| Untracked 
|  72|0x0000000084800000, 0x0000000084800000, 0x0000000084900000|  0%| F|  |TAMS 0x0000000084800000, 0x0000000084800000| Untracked 
|  73|0x0000000084900000, 0x0000000084900000, 0x0000000084a00000|  0%| F|  |TAMS 0x0000000084900000, 0x0000000084900000| Untracked 
|  74|0x0000000084a00000, 0x0000000084a00000, 0x0000000084b00000|  0%| F|  |TAMS 0x0000000084a00000, 0x0000000084a00000| Untracked 
|  75|0x0000000084b00000, 0x0000000084b00000, 0x0000000084c00000|  0%| F|  |TAMS 0x0000000084b00000, 0x0000000084b00000| Untracked 
|  76|0x0000000084c00000, 0x0000000084c00000, 0x0000000084d00000|  0%| F|  |TAMS 0x0000000084c00000, 0x0000000084c00000| Untracked 
|  77|0x0000000084d00000, 0x0000000084d00000, 0x0000000084e00000|  0%| F|  |TAMS 0x0000000084d00000, 0x0000000084d00000| Untracked 
|  78|0x0000000084e00000, 0x0000000084e00000, 0x0000000084f00000|  0%| F|  |TAMS 0x0000000084e00000, 0x0000000084e00000| Untracked 
|  79|0x0000000084f00000, 0x0000000084f00000, 0x0000000085000000|  0%| F|  |TAMS 0x0000000084f00000, 0x0000000084f00000| Untracked 
|  80|0x0000000085000000, 0x0000000085000000, 0x0000000085100000|  0%| F|  |TAMS 0x0000000085000000, 0x0000000085000000| Untracked 
|  81|0x0000000085100000, 0x0000000085100000, 0x0000000085200000|  0%| F|  |TAMS 0x0000000085100000, 0x0000000085100000| Untracked 
|  82|0x0000000085200000, 0x0000000085200000, 0x0000000085300000|  0%| F|  |TAMS 0x0000000085200000, 0x0000000085200000| Untracked 
|  83|0x0000000085300000, 0x0000000085300000, 0x0000000085400000|  0%| F|  |TAMS 0x0000000085300000, 0x0000000085300000| Untracked 
|  84|0x0000000085400000, 0x0000000085400000, 0x0000000085500000|  0%| F|  |TAMS 0x0000000085400000, 0x0000000085400000| Untracked 
|  85|0x0000000085500000, 0x0000000085500000, 0x0000000085600000|  0%| F|  |TAMS 0x0000000085500000, 0x0000000085500000| Untracked 
|  86|0x0000000085600000, 0x0000000085600000, 0x0000000085700000|  0%| F|  |TAMS 0x0000000085600000, 0x0000000085600000| Untracked 
|  87|0x0000000085700000, 0x0000000085700000, 0x0000000085800000|  0%| F|  |TAMS 0x0000000085700000, 0x0000000085700000| Untracked 
|  88|0x0000000085800000, 0x0000000085800000, 0x0000000085900000|  0%| F|  |TAMS 0x0000000085800000, 0x0000000085800000| Untracked 
|  89|0x0000000085900000, 0x0000000085900000, 0x0000000085a00000|  0%| F|  |TAMS 0x0000000085900000, 0x0000000085900000| Untracked 
|  90|0x0000000085a00000, 0x0000000085a00000, 0x0000000085b00000|  0%| F|  |TAMS 0x0000000085a00000, 0x0000000085a00000| Untracked 
|  91|0x0000000085b00000, 0x0000000085b00000, 0x0000000085c00000|  0%| F|  |TAMS 0x0000000085b00000, 0x0000000085b00000| Untracked 
|  92|0x0000000085c00000, 0x0000000085c00000, 0x0000000085d00000|  0%| F|  |TAMS 0x0000000085c00000, 0x0000000085c00000| Untracked 
|  93|0x0000000085d00000, 0x0000000085d00000, 0x0000000085e00000|  0%| F|  |TAMS 0x0000000085d00000, 0x0000000085d00000| Untracked 
|  94|0x0000000085e00000, 0x0000000085e00000, 0x0000000085f00000|  0%| F|  |TAMS 0x0000000085e00000, 0x0000000085e00000| Untracked 
|  95|0x0000000085f00000, 0x0000000085f00000, 0x0000000086000000|  0%| F|  |TAMS 0x0000000085f00000, 0x0000000085f00000| Untracked 
|  96|0x0000000086000000, 0x0000000086000000, 0x0000000086100000|  0%| F|  |TAMS 0x0000000086000000, 0x0000000086000000| Untracked 
|  97|0x0000000086100000, 0x0000000086100000, 0x0000000086200000|  0%| F|  |TAMS 0x0000000086100000, 0x0000000086100000| Untracked 
|  98|0x0000000086200000, 0x0000000086200000, 0x0000000086300000|  0%| F|  |TAMS 0x0000000086200000, 0x0000000086200000| Untracked 
|  99|0x0000000086300000, 0x0000000086300000, 0x0000000086400000|  0%| F|  |TAMS 0x0000000086300000, 0x0000000086300000| Untracked 
| 100|0x0000000086400000, 0x0000000086400000, 0x0000000086500000|  0%| F|  |TAMS 0x0000000086400000, 0x0000000086400000| Untracked 
| 101|0x0000000086500000, 0x0000000086500000, 0x0000000086600000|  0%| F|  |TAMS 0x0000000086500000, 0x0000000086500000| Untracked 
| 102|0x0000000086600000, 0x0000000086600000, 0x0000000086700000|  0%| F|  |TAMS 0x0000000086600000, 0x0000000086600000| Untracked 
| 103|0x0000000086700000, 0x0000000086700000, 0x0000000086800000|  0%| F|  |TAMS 0x0000000086700000, 0x0000000086700000| Untracked 
| 104|0x0000000086800000, 0x0000000086800000, 0x0000000086900000|  0%| F|  |TAMS 0x0000000086800000, 0x0000000086800000| Untracked 
| 105|0x0000000086900000, 0x0000000086900000, 0x0000000086a00000|  0%| F|  |TAMS 0x0000000086900000, 0x0000000086900000| Untracked 
| 106|0x0000000086a00000, 0x0000000086a00000, 0x0000000086b00000|  0%| F|  |TAMS 0x0000000086a00000, 0x0000000086a00000| Untracked 
| 107|0x0000000086b00000, 0x0000000086b00000, 0x0000000086c00000|  0%| F|  |TAMS 0x0000000086b00000, 0x0000000086b00000| Untracked 
| 108|0x0000000086c00000, 0x0000000086c00000, 0x0000000086d00000|  0%| F|  |TAMS 0x0000000086c00000, 0x0000000086c00000| Untracked 
| 109|0x0000000086d00000, 0x0000000086d00000, 0x0000000086e00000|  0%| F|  |TAMS 0x0000000086d00000, 0x0000000086d00000| Untracked 
| 110|0x0000000086e00000, 0x0000000086e00000, 0x0000000086f00000|  0%| F|  |TAMS 0x0000000086e00000, 0x0000000086e00000| Untracked 
| 111|0x0000000086f00000, 0x0000000086f00000, 0x0000000087000000|  0%| F|  |TAMS 0x0000000086f00000, 0x0000000086f00000| Untracked 
| 112|0x0000000087000000, 0x0000000087000000, 0x0000000087100000|  0%| F|  |TAMS 0x0000000087000000, 0x0000000087000000| Untracked 
| 113|0x0000000087100000, 0x0000000087100000, 0x0000000087200000|  0%| F|  |TAMS 0x0000000087100000, 0x0000000087100000| Untracked 
| 114|0x0000000087200000, 0x0000000087200000, 0x0000000087300000|  0%| F|  |TAMS 0x0000000087200000, 0x0000000087200000| Untracked 
| 115|0x0000000087300000, 0x0000000087300000, 0x0000000087400000|  0%| F|  |TAMS 0x0000000087300000, 0x0000000087300000| Untracked 
| 116|0x0000000087400000, 0x0000000087400000, 0x0000000087500000|  0%| F|  |TAMS 0x0000000087400000, 0x0000000087400000| Untracked 
| 117|0x0000000087500000, 0x0000000087500000, 0x0000000087600000|  0%| F|  |TAMS 0x0000000087500000, 0x0000000087500000| Untracked 
| 118|0x0000000087600000, 0x0000000087600000, 0x0000000087700000|  0%| F|  |TAMS 0x0000000087600000, 0x0000000087600000| Untracked 
| 119|0x0000000087700000, 0x0000000087700000, 0x0000000087800000|  0%| F|  |TAMS 0x0000000087700000, 0x0000000087700000| Untracked 
| 120|0x0000000087800000, 0x0000000087800000, 0x0000000087900000|  0%| F|  |TAMS 0x0000000087800000, 0x0000000087800000| Untracked 
| 121|0x0000000087900000, 0x0000000087900000, 0x0000000087a00000|  0%| F|  |TAMS 0x0000000087900000, 0x0000000087900000| Untracked 
| 122|0x0000000087a00000, 0x0000000087a00000, 0x0000000087b00000|  0%| F|  |TAMS 0x0000000087a00000, 0x0000000087a00000| Untracked 
| 123|0x0000000087b00000, 0x0000000087b00000, 0x0000000087c00000|  0%| F|  |TAMS 0x0000000087b00000, 0x0000000087b00000| Untracked 
| 124|0x0000000087c00000, 0x0000000087c00000, 0x0000000087d00000|  0%| F|  |TAMS 0x0000000087c00000, 0x0000000087c00000| Untracked 
| 125|0x0000000087d00000, 0x0000000087d00000, 0x0000000087e00000|  0%| F|  |TAMS 0x0000000087d00000, 0x0000000087d00000| Untracked 
| 126|0x0000000087e00000, 0x0000000087e00000, 0x0000000087f00000|  0%| F|  |TAMS 0x0000000087e00000, 0x0000000087e00000| Untracked 
| 127|0x0000000087f00000, 0x0000000087f00000, 0x0000000088000000|  0%| F|  |TAMS 0x0000000087f00000, 0x0000000087f00000| Untracked 
| 128|0x0000000088000000, 0x0000000088000000, 0x0000000088100000|  0%| F|  |TAMS 0x0000000088000000, 0x0000000088000000| Untracked 
| 129|0x0000000088100000, 0x0000000088100000, 0x0000000088200000|  0%| F|  |TAMS 0x0000000088100000, 0x0000000088100000| Untracked 
| 130|0x0000000088200000, 0x0000000088200000, 0x0000000088300000|  0%| F|  |TAMS 0x0000000088200000, 0x0000000088200000| Untracked 
| 131|0x0000000088300000, 0x0000000088300000, 0x0000000088400000|  0%| F|  |TAMS 0x0000000088300000, 0x0000000088300000| Untracked 
| 132|0x0000000088400000, 0x0000000088400000, 0x0000000088500000|  0%| F|  |TAMS 0x0000000088400000, 0x0000000088400000| Untracked 
| 133|0x0000000088500000, 0x0000000088500000, 0x0000000088600000|  0%| F|  |TAMS 0x0000000088500000, 0x0000000088500000| Untracked 
| 134|0x0000000088600000, 0x0000000088600000, 0x0000000088700000|  0%| F|  |TAMS 0x0000000088600000, 0x0000000088600000| Untracked 
| 135|0x0000000088700000, 0x0000000088700000, 0x0000000088800000|  0%| F|  |TAMS 0x0000000088700000, 0x0000000088700000| Untracked 
| 136|0x0000000088800000, 0x0000000088800000, 0x0000000088900000|  0%| F|  |TAMS 0x0000000088800000, 0x0000000088800000| Untracked 
| 137|0x0000000088900000, 0x0000000088900000, 0x0000000088a00000|  0%| F|  |TAMS 0x0000000088900000, 0x0000000088900000| Untracked 
| 138|0x0000000088a00000, 0x0000000088a00000, 0x0000000088b00000|  0%| F|  |TAMS 0x0000000088a00000, 0x0000000088a00000| Untracked 
| 139|0x0000000088b00000, 0x0000000088b00000, 0x0000000088c00000|  0%| F|  |TAMS 0x0000000088b00000, 0x0000000088b00000| Untracked 
| 140|0x0000000088c00000, 0x0000000088c00000, 0x0000000088d00000|  0%| F|  |TAMS 0x0000000088c00000, 0x0000000088c00000| Untracked 
| 141|0x0000000088d00000, 0x0000000088d00000, 0x0000000088e00000|  0%| F|  |TAMS 0x0000000088d00000, 0x0000000088d00000| Untracked 
| 142|0x0000000088e00000, 0x0000000088e00000, 0x0000000088f00000|  0%| F|  |TAMS 0x0000000088e00000, 0x0000000088e00000| Untracked 
| 143|0x0000000088f00000, 0x0000000088f00000, 0x0000000089000000|  0%| F|  |TAMS 0x0000000088f00000, 0x0000000088f00000| Untracked 
| 144|0x0000000089000000, 0x0000000089000000, 0x0000000089100000|  0%| F|  |TAMS 0x0000000089000000, 0x0000000089000000| Untracked 
| 145|0x0000000089100000, 0x0000000089100000, 0x0000000089200000|  0%| F|  |TAMS 0x0000000089100000, 0x0000000089100000| Untracked 
| 146|0x0000000089200000, 0x0000000089200000, 0x0000000089300000|  0%| F|  |TAMS 0x0000000089200000, 0x0000000089200000| Untracked 
| 147|0x0000000089300000, 0x0000000089300000, 0x0000000089400000|  0%| F|  |TAMS 0x0000000089300000, 0x0000000089300000| Untracked 
| 148|0x0000000089400000, 0x0000000089400000, 0x0000000089500000|  0%| F|  |TAMS 0x0000000089400000, 0x0000000089400000| Untracked 
| 149|0x0000000089500000, 0x0000000089500000, 0x0000000089600000|  0%| F|  |TAMS 0x0000000089500000, 0x0000000089500000| Untracked 
| 150|0x0000000089600000, 0x0000000089600000, 0x0000000089700000|  0%| F|  |TAMS 0x0000000089600000, 0x0000000089600000| Untracked 
| 151|0x0000000089700000, 0x0000000089700000, 0x0000000089800000|  0%| F|  |TAMS 0x0000000089700000, 0x0000000089700000| Untracked 
| 152|0x0000000089800000, 0x0000000089800000, 0x0000000089900000|  0%| F|  |TAMS 0x0000000089800000, 0x0000000089800000| Untracked 
| 153|0x0000000089900000, 0x0000000089900000, 0x0000000089a00000|  0%| F|  |TAMS 0x0000000089900000, 0x0000000089900000| Untracked 
| 154|0x0000000089a00000, 0x0000000089a00000, 0x0000000089b00000|  0%| F|  |TAMS 0x0000000089a00000, 0x0000000089a00000| Untracked 
| 155|0x0000000089b00000, 0x0000000089b00000, 0x0000000089c00000|  0%| F|  |TAMS 0x0000000089b00000, 0x0000000089b00000| Untracked 
| 156|0x0000000089c00000, 0x0000000089c00000, 0x0000000089d00000|  0%| F|  |TAMS 0x0000000089c00000, 0x0000000089c00000| Untracked 
| 157|0x0000000089d00000, 0x0000000089d00000, 0x0000000089e00000|  0%| F|  |TAMS 0x0000000089d00000, 0x0000000089d00000| Untracked 
| 158|0x0000000089e00000, 0x0000000089e00000, 0x0000000089f00000|  0%| F|  |TAMS 0x0000000089e00000, 0x0000000089e00000| Untracked 
| 159|0x0000000089f00000, 0x0000000089f00000, 0x000000008a000000|  0%| F|  |TAMS 0x0000000089f00000, 0x0000000089f00000| Untracked 
| 160|0x000000008a000000, 0x000000008a000000, 0x000000008a100000|  0%| F|  |TAMS 0x000000008a000000, 0x000000008a000000| Untracked 
| 161|0x000000008a100000, 0x000000008a100000, 0x000000008a200000|  0%| F|  |TAMS 0x000000008a100000, 0x000000008a100000| Untracked 
| 162|0x000000008a200000, 0x000000008a200000, 0x000000008a300000|  0%| F|  |TAMS 0x000000008a200000, 0x000000008a200000| Untracked 
| 163|0x000000008a300000, 0x000000008a300000, 0x000000008a400000|  0%| F|  |TAMS 0x000000008a300000, 0x000000008a300000| Untracked 
| 164|0x000000008a400000, 0x000000008a400000, 0x000000008a500000|  0%| F|  |TAMS 0x000000008a400000, 0x000000008a400000| Untracked 
| 165|0x000000008a500000, 0x000000008a500000, 0x000000008a600000|  0%| F|  |TAMS 0x000000008a500000, 0x000000008a500000| Untracked 
| 166|0x000000008a600000, 0x000000008a600000, 0x000000008a700000|  0%| F|  |TAMS 0x000000008a600000, 0x000000008a600000| Untracked 
| 167|0x000000008a700000, 0x000000008a700000, 0x000000008a800000|  0%| F|  |TAMS 0x000000008a700000, 0x000000008a700000| Untracked 
| 168|0x000000008a800000, 0x000000008a800000, 0x000000008a900000|  0%| F|  |TAMS 0x000000008a800000, 0x000000008a800000| Untracked 
| 169|0x000000008a900000, 0x000000008a900000, 0x000000008aa00000|  0%| F|  |TAMS 0x000000008a900000, 0x000000008a900000| Untracked 
| 170|0x000000008aa00000, 0x000000008aa00000, 0x000000008ab00000|  0%| F|  |TAMS 0x000000008aa00000, 0x000000008aa00000| Untracked 
| 171|0x000000008ab00000, 0x000000008ab00000, 0x000000008ac00000|  0%| F|  |TAMS 0x000000008ab00000, 0x000000008ab00000| Untracked 
| 172|0x000000008ac00000, 0x000000008ac00000, 0x000000008ad00000|  0%| F|  |TAMS 0x000000008ac00000, 0x000000008ac00000| Untracked 
| 173|0x000000008ad00000, 0x000000008ad00000, 0x000000008ae00000|  0%| F|  |TAMS 0x000000008ad00000, 0x000000008ad00000| Untracked 
| 174|0x000000008ae00000, 0x000000008ae00000, 0x000000008af00000|  0%| F|  |TAMS 0x000000008ae00000, 0x000000008ae00000| Untracked 
| 175|0x000000008af00000, 0x000000008af00000, 0x000000008b000000|  0%| F|  |TAMS 0x000000008af00000, 0x000000008af00000| Untracked 
| 176|0x000000008b000000, 0x000000008b000000, 0x000000008b100000|  0%| F|  |TAMS 0x000000008b000000, 0x000000008b000000| Untracked 
| 177|0x000000008b100000, 0x000000008b100000, 0x000000008b200000|  0%| F|  |TAMS 0x000000008b100000, 0x000000008b100000| Untracked 
| 178|0x000000008b200000, 0x000000008b200000, 0x000000008b300000|  0%| F|  |TAMS 0x000000008b200000, 0x000000008b200000| Untracked 
| 179|0x000000008b300000, 0x000000008b300000, 0x000000008b400000|  0%| F|  |TAMS 0x000000008b300000, 0x000000008b300000| Untracked 
| 180|0x000000008b400000, 0x000000008b400000, 0x000000008b500000|  0%| F|  |TAMS 0x000000008b400000, 0x000000008b400000| Untracked 
| 181|0x000000008b500000, 0x000000008b500000, 0x000000008b600000|  0%| F|  |TAMS 0x000000008b500000, 0x000000008b500000| Untracked 
| 182|0x000000008b600000, 0x000000008b600000, 0x000000008b700000|  0%| F|  |TAMS 0x000000008b600000, 0x000000008b600000| Untracked 
| 183|0x000000008b700000, 0x000000008b700000, 0x000000008b800000|  0%| F|  |TAMS 0x000000008b700000, 0x000000008b700000| Untracked 
| 184|0x000000008b800000, 0x000000008b800000, 0x000000008b900000|  0%| F|  |TAMS 0x000000008b800000, 0x000000008b800000| Untracked 
| 185|0x000000008b900000, 0x000000008b900000, 0x000000008ba00000|  0%| F|  |TAMS 0x000000008b900000, 0x000000008b900000| Untracked 
| 186|0x000000008ba00000, 0x000000008ba00000, 0x000000008bb00000|  0%| F|  |TAMS 0x000000008ba00000, 0x000000008ba00000| Untracked 
| 187|0x000000008bb00000, 0x000000008bb00000, 0x000000008bc00000|  0%| F|  |TAMS 0x000000008bb00000, 0x000000008bb00000| Untracked 
| 188|0x000000008bc00000, 0x000000008bc00000, 0x000000008bd00000|  0%| F|  |TAMS 0x000000008bc00000, 0x000000008bc00000| Untracked 
| 189|0x000000008bd00000, 0x000000008bd00000, 0x000000008be00000|  0%| F|  |TAMS 0x000000008bd00000, 0x000000008bd00000| Untracked 
| 190|0x000000008be00000, 0x000000008be00000, 0x000000008bf00000|  0%| F|  |TAMS 0x000000008be00000, 0x000000008be00000| Untracked 
| 191|0x000000008bf00000, 0x000000008bf00000, 0x000000008c000000|  0%| F|  |TAMS 0x000000008bf00000, 0x000000008bf00000| Untracked 
| 192|0x000000008c000000, 0x000000008c000000, 0x000000008c100000|  0%| F|  |TAMS 0x000000008c000000, 0x000000008c000000| Untracked 
| 193|0x000000008c100000, 0x000000008c100000, 0x000000008c200000|  0%| F|  |TAMS 0x000000008c100000, 0x000000008c100000| Untracked 
| 194|0x000000008c200000, 0x000000008c200000, 0x000000008c300000|  0%| F|  |TAMS 0x000000008c200000, 0x000000008c200000| Untracked 
| 195|0x000000008c300000, 0x000000008c300000, 0x000000008c400000|  0%| F|  |TAMS 0x000000008c300000, 0x000000008c300000| Untracked 
| 196|0x000000008c400000, 0x000000008c400000, 0x000000008c500000|  0%| F|  |TAMS 0x000000008c400000, 0x000000008c400000| Untracked 
| 197|0x000000008c500000, 0x000000008c500000, 0x000000008c600000|  0%| F|  |TAMS 0x000000008c500000, 0x000000008c500000| Untracked 
| 198|0x000000008c600000, 0x000000008c600000, 0x000000008c700000|  0%| F|  |TAMS 0x000000008c600000, 0x000000008c600000| Untracked 
| 199|0x000000008c700000, 0x000000008c700000, 0x000000008c800000|  0%| F|  |TAMS 0x000000008c700000, 0x000000008c700000| Untracked 
| 200|0x000000008c800000, 0x000000008c800000, 0x000000008c900000|  0%| F|  |TAMS 0x000000008c800000, 0x000000008c800000| Untracked 
| 201|0x000000008c900000, 0x000000008c900000, 0x000000008ca00000|  0%| F|  |TAMS 0x000000008c900000, 0x000000008c900000| Untracked 
| 202|0x000000008ca00000, 0x000000008ca00000, 0x000000008cb00000|  0%| F|  |TAMS 0x000000008ca00000, 0x000000008ca00000| Untracked 
| 203|0x000000008cb00000, 0x000000008cb00000, 0x000000008cc00000|  0%| F|  |TAMS 0x000000008cb00000, 0x000000008cb00000| Untracked 
| 204|0x000000008cc00000, 0x000000008cc00000, 0x000000008cd00000|  0%| F|  |TAMS 0x000000008cc00000, 0x000000008cc00000| Untracked 
| 205|0x000000008cd00000, 0x000000008cd00000, 0x000000008ce00000|  0%| F|  |TAMS 0x000000008cd00000, 0x000000008cd00000| Untracked 
| 206|0x000000008ce00000, 0x000000008ce00000, 0x000000008cf00000|  0%| F|  |TAMS 0x000000008ce00000, 0x000000008ce00000| Untracked 
| 207|0x000000008cf00000, 0x000000008cf00000, 0x000000008d000000|  0%| F|  |TAMS 0x000000008cf00000, 0x000000008cf00000| Untracked 
| 208|0x000000008d000000, 0x000000008d072aa0, 0x000000008d100000| 44%| S|CS|TAMS 0x000000008d000000, 0x000000008d000000| Complete 
| 209|0x000000008d100000, 0x000000008d200000, 0x000000008d200000|100%| S|CS|TAMS 0x000000008d100000, 0x000000008d100000| Complete 
| 210|0x000000008d200000, 0x000000008d300000, 0x000000008d300000|100%| S|CS|TAMS 0x000000008d200000, 0x000000008d200000| Complete 
| 211|0x000000008d300000, 0x000000008d300000, 0x000000008d400000|  0%| F|  |TAMS 0x000000008d300000, 0x000000008d300000| Untracked 
| 212|0x000000008d400000, 0x000000008d400000, 0x000000008d500000|  0%| F|  |TAMS 0x000000008d400000, 0x000000008d400000| Untracked 
| 213|0x000000008d500000, 0x000000008d500000, 0x000000008d600000|  0%| F|  |TAMS 0x000000008d500000, 0x000000008d500000| Untracked 
| 214|0x000000008d600000, 0x000000008d600000, 0x000000008d700000|  0%| F|  |TAMS 0x000000008d600000, 0x000000008d600000| Untracked 
| 215|0x000000008d700000, 0x000000008d700000, 0x000000008d800000|  0%| F|  |TAMS 0x000000008d700000, 0x000000008d700000| Untracked 
| 216|0x000000008d800000, 0x000000008d800000, 0x000000008d900000|  0%| F|  |TAMS 0x000000008d800000, 0x000000008d800000| Untracked 
| 217|0x000000008d900000, 0x000000008d900000, 0x000000008da00000|  0%| F|  |TAMS 0x000000008d900000, 0x000000008d900000| Untracked 
| 218|0x000000008da00000, 0x000000008da00000, 0x000000008db00000|  0%| F|  |TAMS 0x000000008da00000, 0x000000008da00000| Untracked 
| 219|0x000000008db00000, 0x000000008db00000, 0x000000008dc00000|  0%| F|  |TAMS 0x000000008db00000, 0x000000008db00000| Untracked 
| 220|0x000000008dc00000, 0x000000008dc00000, 0x000000008dd00000|  0%| F|  |TAMS 0x000000008dc00000, 0x000000008dc00000| Untracked 
| 221|0x000000008dd00000, 0x000000008dd00000, 0x000000008de00000|  0%| F|  |TAMS 0x000000008dd00000, 0x000000008dd00000| Untracked 
| 222|0x000000008de00000, 0x000000008de00000, 0x000000008df00000|  0%| F|  |TAMS 0x000000008de00000, 0x000000008de00000| Untracked 
| 223|0x000000008df00000, 0x000000008df00000, 0x000000008e000000|  0%| F|  |TAMS 0x000000008df00000, 0x000000008df00000| Untracked 
| 224|0x000000008e000000, 0x000000008e000000, 0x000000008e100000|  0%| F|  |TAMS 0x000000008e000000, 0x000000008e000000| Untracked 
| 225|0x000000008e100000, 0x000000008e100000, 0x000000008e200000|  0%| F|  |TAMS 0x000000008e100000, 0x000000008e100000| Untracked 
| 226|0x000000008e200000, 0x000000008e200000, 0x000000008e300000|  0%| F|  |TAMS 0x000000008e200000, 0x000000008e200000| Untracked 
| 227|0x000000008e300000, 0x000000008e300000, 0x000000008e400000|  0%| F|  |TAMS 0x000000008e300000, 0x000000008e300000| Untracked 
| 228|0x000000008e400000, 0x000000008e400000, 0x000000008e500000|  0%| F|  |TAMS 0x000000008e400000, 0x000000008e400000| Untracked 
| 229|0x000000008e500000, 0x000000008e500000, 0x000000008e600000|  0%| F|  |TAMS 0x000000008e500000, 0x000000008e500000| Untracked 
| 230|0x000000008e600000, 0x000000008e600000, 0x000000008e700000|  0%| F|  |TAMS 0x000000008e600000, 0x000000008e600000| Untracked 
| 231|0x000000008e700000, 0x000000008e700000, 0x000000008e800000|  0%| F|  |TAMS 0x000000008e700000, 0x000000008e700000| Untracked 
| 232|0x000000008e800000, 0x000000008e800000, 0x000000008e900000|  0%| F|  |TAMS 0x000000008e800000, 0x000000008e800000| Untracked 
| 233|0x000000008e900000, 0x000000008e900000, 0x000000008ea00000|  0%| F|  |TAMS 0x000000008e900000, 0x000000008e900000| Untracked 
| 234|0x000000008ea00000, 0x000000008ea00000, 0x000000008eb00000|  0%| F|  |TAMS 0x000000008ea00000, 0x000000008ea00000| Untracked 
| 235|0x000000008eb00000, 0x000000008eb00000, 0x000000008ec00000|  0%| F|  |TAMS 0x000000008eb00000, 0x000000008eb00000| Untracked 
| 236|0x000000008ec00000, 0x000000008ec00000, 0x000000008ed00000|  0%| F|  |TAMS 0x000000008ec00000, 0x000000008ec00000| Untracked 
| 237|0x000000008ed00000, 0x000000008ed00000, 0x000000008ee00000|  0%| F|  |TAMS 0x000000008ed00000, 0x000000008ed00000| Untracked 
| 238|0x000000008ee00000, 0x000000008ee00000, 0x000000008ef00000|  0%| F|  |TAMS 0x000000008ee00000, 0x000000008ee00000| Untracked 
| 239|0x000000008ef00000, 0x000000008ef00000, 0x000000008f000000|  0%| F|  |TAMS 0x000000008ef00000, 0x000000008ef00000| Untracked 
| 240|0x000000008f000000, 0x000000008f000000, 0x000000008f100000|  0%| F|  |TAMS 0x000000008f000000, 0x000000008f000000| Untracked 
| 241|0x000000008f100000, 0x000000008f100000, 0x000000008f200000|  0%| F|  |TAMS 0x000000008f100000, 0x000000008f100000| Untracked 
| 242|0x000000008f200000, 0x000000008f200000, 0x000000008f300000|  0%| F|  |TAMS 0x000000008f200000, 0x000000008f200000| Untracked 
| 243|0x000000008f300000, 0x000000008f300000, 0x000000008f400000|  0%| F|  |TAMS 0x000000008f300000, 0x000000008f300000| Untracked 
| 244|0x000000008f400000, 0x000000008f400000, 0x000000008f500000|  0%| F|  |TAMS 0x000000008f400000, 0x000000008f400000| Untracked 
| 245|0x000000008f500000, 0x000000008f500000, 0x000000008f600000|  0%| F|  |TAMS 0x000000008f500000, 0x000000008f500000| Untracked 
| 246|0x000000008f600000, 0x000000008f600000, 0x000000008f700000|  0%| F|  |TAMS 0x000000008f600000, 0x000000008f600000| Untracked 
| 247|0x000000008f700000, 0x000000008f700000, 0x000000008f800000|  0%| F|  |TAMS 0x000000008f700000, 0x000000008f700000| Untracked 
| 248|0x000000008f800000, 0x000000008f800000, 0x000000008f900000|  0%| F|  |TAMS 0x000000008f800000, 0x000000008f800000| Untracked 
| 249|0x000000008f900000, 0x000000008f900000, 0x000000008fa00000|  0%| F|  |TAMS 0x000000008f900000, 0x000000008f900000| Untracked 
| 250|0x000000008fa00000, 0x000000008fa00000, 0x000000008fb00000|  0%| F|  |TAMS 0x000000008fa00000, 0x000000008fa00000| Untracked 
| 251|0x000000008fb00000, 0x000000008fb00000, 0x000000008fc00000|  0%| F|  |TAMS 0x000000008fb00000, 0x000000008fb00000| Untracked 
| 252|0x000000008fc00000, 0x000000008fc00000, 0x000000008fd00000|  0%| F|  |TAMS 0x000000008fc00000, 0x000000008fc00000| Untracked 
| 253|0x000000008fd00000, 0x000000008fd00000, 0x000000008fe00000|  0%| F|  |TAMS 0x000000008fd00000, 0x000000008fd00000| Untracked 
| 254|0x000000008fe00000, 0x000000008fe00000, 0x000000008ff00000|  0%| F|  |TAMS 0x000000008fe00000, 0x000000008fe00000| Untracked 
| 255|0x000000008ff00000, 0x000000008ff00000, 0x0000000090000000|  0%| F|  |TAMS 0x000000008ff00000, 0x000000008ff00000| Untracked 

Card table byte_map: [0x000002621e140000,0x000002621e540000] _byte_map_base: 0x000002621dd40000

Marking Bits (Prev, Next): (CMBitMap*) 0x000002620b26cff0, (CMBitMap*) 0x000002620b26cfb8
 Prev Bits: [0x0000026220940000, 0x0000026222940000)
 Next Bits: [0x000002621e940000, 0x0000026220940000)

Polling page: 0x000002620aa10000

Metaspace:

Usage:
  Non-class:     21.23 MB capacity,    20.92 MB ( 99%) used,   277.75 KB (  1%) free+waste,    43.56 KB ( <1%) overhead. 
      Class:      3.28 MB capacity,     3.05 MB ( 93%) used,   206.41 KB (  6%) free+waste,    21.63 KB ( <1%) overhead. 
       Both:     24.51 MB capacity,    23.97 MB ( 98%) used,   484.16 KB (  2%) free+waste,    65.19 KB ( <1%) overhead. 

Virtual space:
  Non-class space:       34.00 MB reserved,      21.25 MB ( 63%) committed 
      Class space:        1.00 GB reserved,       3.38 MB ( <1%) committed 
             Both:        1.03 GB reserved,      24.63 MB (  2%) committed 

Chunk freelists:
   Non-Class:  18.00 KB
       Class:  6.00 KB
        Both:  24.00 KB

MaxMetaspaceSize: 17179869184.00 GB
CompressedClassSpaceSize: 1.00 GB
Initial GC threshold: 20.80 MB
Current GC threshold: 35.32 MB
CDS: off

CodeHeap 'non-profiled nmethods': size=120064Kb used=1154Kb max_used=1154Kb free=118909Kb
 bounds [0x0000026216800000, 0x0000026216a70000, 0x000002621dd40000]
CodeHeap 'profiled nmethods': size=120000Kb used=4652Kb max_used=4652Kb free=115347Kb
 bounds [0x000002620f2d0000, 0x000002620f760000, 0x0000026216800000]
CodeHeap 'non-nmethods': size=5696Kb used=1224Kb max_used=1255Kb free=4471Kb
 bounds [0x000002620ed40000, 0x000002620efb0000, 0x000002620f2d0000]
 total_blobs=2667 nmethods=2172 adapters=407
 compilation: enabled
              stopped_count=0, restarted_count=0
 full_count=0

Compilation events (20 events):
Event: 7.151 Thread 0x0000026225702800 nmethod 2164 0x000002620f756590 code [0x000002620f7567a0, 0x000002620f756e68]
Event: 7.151 Thread 0x0000026225702800 2167       3       java.lang.invoke.InvokerBytecodeGenerator::refKindOpcode (112 bytes)
Event: 7.152 Thread 0x0000026225702800 nmethod 2167 0x000002620f757090 code [0x000002620f757300, 0x000002620f757d18]
Event: 7.152 Thread 0x0000026225702800 2165       3       jdk.internal.org.objectweb.asm.Frame::pop (53 bytes)
Event: 7.153 Thread 0x0000026225702800 nmethod 2165 0x000002620f758010 code [0x000002620f758260, 0x000002620f758998]
Event: 7.153 Thread 0x0000026225702800 2166       3       java.lang.invoke.InvokerBytecodeGenerator::assertStaticType (58 bytes)
Event: 7.153 Thread 0x0000026225702800 nmethod 2166 0x000002620f758c90 code [0x000002620f758e80, 0x000002620f759358]
Event: 7.153 Thread 0x0000026225702800 2170       3       java.lang.reflect.ReflectAccess::getRoot (5 bytes)
Event: 7.153 Thread 0x0000026225702800 nmethod 2170 0x000002620f759590 code [0x000002620f759740, 0x000002620f759908]
Event: 7.154 Thread 0x00000262256f8000 nmethod 2163 0x000002621691fc10 code [0x000002621691fda0, 0x0000026216920078]
Event: 7.154 Thread 0x00000262256f8000 2168       4       java.util.Arrays::copyOf (40 bytes)
Event: 7.159 Thread 0x0000026225702800 2172       3       java.net.URLConnection::<init> (62 bytes)
Event: 7.160 Thread 0x0000026225702800 nmethod 2172 0x000002620f759a10 code [0x000002620f759c40, 0x000002620f75a308]
Event: 7.160 Thread 0x0000026225702800 2174       3       java.io.Reader::<init> (27 bytes)
Event: 7.160 Thread 0x00000262256f8000 nmethod 2168 0x0000026216920210 code [0x00000262169203c0, 0x00000262169207f8]
Event: 7.160 Thread 0x00000262256f8000 2169       4       jdk.internal.org.objectweb.asm.ByteVector::putByte (39 bytes)
Event: 7.160 Thread 0x0000026225702800 nmethod 2174 0x000002620f75a510 code [0x000002620f75a6e0, 0x000002620f75a9c8]
Event: 7.160 Thread 0x0000026225702800 2173       3       java.net.URLConnection::getDefaultUseCaches (30 bytes)
Event: 7.160 Thread 0x0000026225702800 nmethod 2173 0x000002620f75ab10 code [0x000002620f75ad20, 0x000002620f75b1a8]
Event: 7.160 Thread 0x0000026225702800 2175       3       java.util.concurrent.ConcurrentHashMap::tableSizeFor (32 bytes)

GC Heap History (12 events):
Event: 0.903 GC heap before
{Heap before GC invocations=0 (full 0):
 garbage-first heap   total 262144K, used 20480K [0x0000000080000000, 0x0000000100000000)
  region size 1024K, 14 young (14336K), 0 survivors (0K)
 Metaspace       used 6749K, capacity 6925K, committed 7168K, reserved 1056768K
  class space    used 582K, capacity 650K, committed 768K, reserved 1048576K
}
Event: 0.939 GC heap after
{Heap after GC invocations=1 (full 0):
 garbage-first heap   total 262144K, used 7882K [0x0000000080000000, 0x0000000100000000)
  region size 1024K, 2 young (2048K), 2 survivors (2048K)
 Metaspace       used 6749K, capacity 6925K, committed 7168K, reserved 1056768K
  class space    used 582K, capacity 650K, committed 768K, reserved 1048576K
}
Event: 1.538 GC heap before
{Heap before GC invocations=1 (full 0):
 garbage-first heap   total 262144K, used 20170K [0x0000000080000000, 0x0000000100000000)
  region size 1024K, 14 young (14336K), 2 survivors (2048K)
 Metaspace       used 9913K, capacity 10118K, committed 10368K, reserved 1058816K
  class space    used 1028K, capacity 1102K, committed 1152K, reserved 1048576K
}
Event: 1.542 GC heap after
{Heap after GC invocations=2 (full 0):
 garbage-first heap   total 262144K, used 9377K [0x0000000080000000, 0x0000000100000000)
  region size 1024K, 2 young (2048K), 2 survivors (2048K)
 Metaspace       used 9913K, capacity 10118K, committed 10368K, reserved 1058816K
  class space    used 1028K, capacity 1102K, committed 1152K, reserved 1048576K
}
Event: 2.825 GC heap before
{Heap before GC invocations=2 (full 0):
 garbage-first heap   total 262144K, used 42145K [0x0000000080000000, 0x0000000100000000)
  region size 1024K, 33 young (33792K), 2 survivors (2048K)
 Metaspace       used 10895K, capacity 11073K, committed 11264K, reserved 1058816K
  class space    used 1131K, capacity 1207K, committed 1280K, reserved 1048576K
}
Event: 2.830 GC heap after
{Heap after GC invocations=3 (full 0):
 garbage-first heap   total 262144K, used 12085K [0x0000000080000000, 0x0000000100000000)
  region size 1024K, 5 young (5120K), 5 survivors (5120K)
 Metaspace       used 10895K, capacity 11073K, committed 11264K, reserved 1058816K
  class space    used 1131K, capacity 1207K, committed 1280K, reserved 1048576K
}
Event: 6.048 GC heap before
{Heap before GC invocations=3 (full 0):
 garbage-first heap   total 262144K, used 63285K [0x0000000080000000, 0x0000000100000000)
  region size 1024K, 55 young (56320K), 5 survivors (5120K)
 Metaspace       used 19012K, capacity 19396K, committed 19584K, reserved 1067008K
  class space    used 2290K, capacity 2407K, committed 2432K, reserved 1048576K
}
Event: 6.058 GC heap after
{Heap after GC invocations=4 (full 0):
 garbage-first heap   total 262144K, used 16940K [0x0000000080000000, 0x0000000100000000)
  region size 1024K, 7 young (7168K), 7 survivors (7168K)
 Metaspace       used 19012K, capacity 19396K, committed 19584K, reserved 1067008K
  class space    used 2290K, capacity 2407K, committed 2432K, reserved 1048576K
}
Event: 6.413 GC heap before
{Heap before GC invocations=4 (full 0):
 garbage-first heap   total 262144K, used 33324K [0x0000000080000000, 0x0000000100000000)
  region size 1024K, 24 young (24576K), 7 survivors (7168K)
 Metaspace       used 20718K, capacity 21135K, committed 21248K, reserved 1067008K
  class space    used 2541K, capacity 2710K, committed 2816K, reserved 1048576K
}
Event: 6.422 GC heap after
{Heap after GC invocations=5 (full 0):
 garbage-first heap   total 262144K, used 17433K [0x0000000080000000, 0x0000000100000000)
  region size 1024K, 8 young (8192K), 8 survivors (8192K)
 Metaspace       used 20718K, capacity 21135K, committed 21248K, reserved 1067008K
  class space    used 2541K, capacity 2710K, committed 2816K, reserved 1048576K
}
Event: 7.160 GC heap before
{Heap before GC invocations=6 (full 0):
 garbage-first heap   total 262144K, used 53273K [0x0000000080000000, 0x0000000100000000)
  region size 1024K, 45 young (46080K), 8 survivors (8192K)
 Metaspace       used 24546K, capacity 25096K, committed 25216K, reserved 1081344K
  class space    used 3125K, capacity 3354K, committed 3456K, reserved 1048576K
}
Event: 7.171 GC heap after
{Heap after GC invocations=7 (full 0):
 garbage-first heap   total 262144K, used 19221K [0x0000000080000000, 0x0000000100000000)
  region size 1024K, 3 young (3072K), 3 survivors (3072K)
 Metaspace       used 24546K, capacity 25096K, committed 25216K, reserved 1081344K
  class space    used 3125K, capacity 3354K, committed 3456K, reserved 1048576K
}

Deoptimization events (20 events):
Event: 6.401 Thread 0x0000026226728000 Uncommon trap: trap_request=0xffffff4d fr.pc=0x0000026216873f78 relative=0x00000000000005b8
Event: 6.401 Thread 0x0000026226728000 Uncommon trap: reason=unstable_if action=reinterpret pc=0x0000026216873f78 method=java.io.File.getName()Ljava/lang/String; @ 16 c2
Event: 6.401 Thread 0x0000026226728000 DEOPT PACKING pc=0x0000026216873f78 sp=0x000000dc757fb580
Event: 6.401 Thread 0x0000026226728000 DEOPT UNPACKING pc=0x000002620ed8a1af sp=0x000000dc757fb550 mode 2
Event: 6.401 Thread 0x0000026226728000 Uncommon trap: trap_request=0xffffff4d fr.pc=0x0000026216872810 relative=0x0000000000000450
Event: 6.401 Thread 0x0000026226728000 Uncommon trap: reason=unstable_if action=reinterpret pc=0x0000026216872810 method=java.lang.String.substring(I)Ljava/lang/String; @ 34 c2
Event: 6.401 Thread 0x0000026226728000 DEOPT PACKING pc=0x0000026216872810 sp=0x000000dc757fb500
Event: 6.401 Thread 0x0000026226728000 DEOPT UNPACKING pc=0x000002620ed8a1af sp=0x000000dc757fb4d8 mode 2
Event: 6.628 Thread 0x0000026226728000 Uncommon trap: trap_request=0xffffff4d fr.pc=0x00000262168f8018 relative=0x0000000000000398
Event: 6.628 Thread 0x0000026226728000 Uncommon trap: reason=unstable_if action=reinterpret pc=0x00000262168f8018 method=jdk.internal.org.objectweb.asm.Type.getArgumentsAndReturnSizes(Ljava/lang/String;)I @ 88 c2
Event: 6.628 Thread 0x0000026226728000 DEOPT PACKING pc=0x00000262168f8018 sp=0x000000dc757f9af0
Event: 6.628 Thread 0x0000026226728000 DEOPT UNPACKING pc=0x000002620ed8a1af sp=0x000000dc757f9a78 mode 2
Event: 6.643 Thread 0x0000026226728000 Uncommon trap: trap_request=0xffffffcc fr.pc=0x0000026216905078 relative=0x00000000000002b8
Event: 6.643 Thread 0x0000026226728000 Uncommon trap: reason=intrinsic_or_type_checked_inlining action=make_not_entrant pc=0x0000026216905078 method=java.util.Arrays.copyOf([Ljava/lang/Object;ILjava/lang/Class;)[Ljava/lang/Object; @ 35 c2
Event: 6.643 Thread 0x0000026226728000 DEOPT PACKING pc=0x0000026216905078 sp=0x000000dc757fbbe0
Event: 6.643 Thread 0x0000026226728000 DEOPT UNPACKING pc=0x000002620ed8a1af sp=0x000000dc757fbb70 mode 2
Event: 7.010 Thread 0x0000026226728000 Uncommon trap: trap_request=0xffffff4d fr.pc=0x0000026216852bfc relative=0x000000000000023c
Event: 7.010 Thread 0x0000026226728000 Uncommon trap: reason=unstable_if action=reinterpret pc=0x0000026216852bfc method=java.util.concurrent.ConcurrentHashMap.get(Ljava/lang/Object;)Ljava/lang/Object; @ 76 c2
Event: 7.010 Thread 0x0000026226728000 DEOPT PACKING pc=0x0000026216852bfc sp=0x000000dc757f9b50
Event: 7.011 Thread 0x0000026226728000 DEOPT UNPACKING pc=0x000002620ed8a1af sp=0x000000dc757f9ab8 mode 2

Classes redefined (0 events):
No events

Internal exceptions (20 events):
Event: 2.864 Thread 0x000002620b22e800 Exception <a 'java/security/PrivilegedActionException'{0x000000008feef9f0}> (0x000000008feef9f0) thrown at [./src/hotspot/share/prims/jvm.cpp, line 1306]
Event: 2.864 Thread 0x000002620b22e800 Exception <a 'java/security/PrivilegedActionException'{0x000000008feeff68}> (0x000000008feeff68) thrown at [./src/hotspot/share/prims/jvm.cpp, line 1306]
Event: 3.634 Thread 0x000002620b22e800 Exception <a 'java/lang/NoSuchMethodError'{0x000000008edfc6e8}: 'java.lang.Object java.lang.invoke.DirectMethodHandle$Holder.invokeStaticInit(java.lang.Object, java.lang.Object, java.lang.Object)'> (0x000000008edfc6e8) thrown at [./src/hotspot/share/interpreter/linkResolver.cpp, line 773]
Event: 3.945 Thread 0x000002620b22e800 Exception <a 'java/lang/NoSuchMethodError'{0x000000008e6528e8}: 'java.lang.Object java.lang.invoke.DirectMethodHandle$Holder.invokeStaticInit(java.lang.Object, int, int, int, int)'> (0x000000008e6528e8) thrown at [./src/hotspot/share/interpreter/linkResolver.cpp, line 773]
Event: 4.543 Thread 0x000002620b22e800 Exception <a 'java/lang/NoSuchMethodError'{0x000000008e522698}: 'java.lang.Object java.lang.invoke.DirectMethodHandle$Holder.invokeStaticInit(java.lang.Object, java.lang.Object, int, int, int, int)'> (0x000000008e522698) thrown at [./src/hotspot/share/interpreter/linkResolver.cpp, line 773]
Event: 5.584 Thread 0x000002620b22e800 Exception <a 'java/io/IOException'{0x000000008e31c2c0}> (0x000000008e31c2c0) thrown at [./src/hotspot/share/prims/jni.cpp, line 615]
Event: 5.765 Thread 0x0000026226728000 Exception <a 'java/lang/NoSuchMethodError'{0x000000008d8e4780}: 'long java.lang.invoke.DirectMethodHandle$Holder.invokeInterface(java.lang.Object, java.lang.Object)'> (0x000000008d8e4780) thrown at [./src/hotspot/share/interpreter/linkResolver.cpp, line 773]
Event: 5.767 Thread 0x0000026226728000 Exception <a 'java/lang/NoSuchMethodError'{0x000000008d8f1820}: 'void java.lang.invoke.DelegatingMethodHandle$Holder.reinvoke_L(java.lang.Object, java.lang.Object, java.lang.Object, java.lang.Object, java.lang.Object, java.lang.Object, java.lang.Object)'> (0x000000008d8f1820) thrown at [./src/hotspot/share/interpreter/linkResolver.cpp, line 773]
Event: 6.213 Thread 0x0000026226728000 Exception <a 'java/lang/NoSuchMethodError'{0x000000008f4c3800}: 'void java.lang.invoke.DirectMethodHandle$Holder.invokeStaticInit(java.lang.Object)'> (0x000000008f4c3800) thrown at [./src/hotspot/share/interpreter/linkResolver.cpp, line 773]
Event: 6.231 Thread 0x0000026226728000 Exception <a 'java/lang/NoSuchMethodError'{0x000000008f36f818}: 'java.lang.Object java.lang.invoke.DirectMethodHandle$Holder.invokeStatic(java.lang.Object, java.lang.Object, java.lang.Object, int)'> (0x000000008f36f818) thrown at [./src/hotspot/share/interpreter/linkResolver.cpp, line 773]
Event: 6.233 Thread 0x0000026226728000 Exception <a 'java/lang/NoSuchMethodError'{0x000000008f373f30}: 'java.lang.Object java.lang.invoke.DirectMethodHandle$Holder.invokeSpecial(java.lang.Object, java.lang.Object, java.lang.Object, java.lang.Object, int)'> (0x000000008f373f30) thrown at [./src/hotspot/share/interpreter/linkResolver.cpp, line 773]
Event: 6.233 Thread 0x0000026226728000 Exception <a 'java/lang/NoSuchMethodError'{0x000000008f377e68}: 'java.lang.Object java.lang.invoke.Invokers$Holder.linkToTargetMethod(java.lang.Object, java.lang.Object, int, java.lang.Object)'> (0x000000008f377e68) thrown at [./src/hotspot/share/interpreter/linkResolver.cpp, line 773]
Event: 6.484 Thread 0x0000026226728000 Exception <a 'java/lang/NoSuchMethodError'{0x000000008fd8c0e8}: 'int java.lang.invoke.DirectMethodHandle$Holder.invokeSpecialIFC(java.lang.Object, java.lang.Object, java.lang.Object, java.lang.Object)'> (0x000000008fd8c0e8) thrown at [./src/hotspot/share/interpreter/linkResolver.cpp, line 773]
Event: 6.486 Thread 0x0000026226728000 Exception <a 'java/lang/NoSuchMethodError'{0x000000008fd9a0a0}: 'java.lang.Object java.lang.invoke.DirectMethodHandle$Holder.invokeInterface(java.lang.Object, java.lang.Object, java.lang.Object)'> (0x000000008fd9a0a0) thrown at [./src/hotspot/share/interpreter/linkResolver.cpp, line 773]
Event: 6.487 Thread 0x0000026226728000 Exception <a 'java/lang/IncompatibleClassChangeError'{0x000000008fd9d578}: Found class java.lang.Object, but interface was expected> (0x000000008fd9d578) thrown at [./src/hotspot/share/interpreter/linkResolver.cpp, line 839]
Event: 6.779 Thread 0x0000026226728000 Exception <a 'java/lang/NoSuchMethodError'{0x000000008f125640}: 'java.lang.Object java.lang.invoke.DirectMethodHandle$Holder.invokeSpecial(java.lang.Object, java.lang.Object, java.lang.Object, java.lang.Object, java.lang.Object, java.lang.Object, java.lang.Object, java.lang.Object, java.lang.Object)'> (0x000000008f125640) thrown at [./src/hotspot/share/interpreter/linkResolver.cpp, line 773]
Event: 6.926 Thread 0x0000026226728000 Exception <a 'java/lang/NoSuchMethodError'{0x000000008e0a9d68}: 'java.lang.Object java.lang.invoke.DirectMethodHandle$Holder.invokeVirtual(java.lang.Object, java.lang.Object, java.lang.Object, java.lang.Object)'> (0x000000008e0a9d68) thrown at [./src/hotspot/share/interpreter/linkResolver.cpp, line 773]
Event: 7.060 Thread 0x0000026226728000 Exception <a 'java/lang/NoSuchMethodError'{0x000000008d944ea0}: 'void java.lang.invoke.DirectMethodHandle$Holder.invokeSpecial(java.lang.Object, java.lang.Object, java.lang.Object, java.lang.Object, java.lang.Object, java.lang.Object)'> (0x000000008d944ea0) thrown at [./src/hotspot/share/interpreter/linkResolver.cpp, line 773]
Event: 7.075 Thread 0x0000026226728000 Exception <a 'java/lang/NoSuchMethodError'{0x000000008d9b33a8}: 'void java.lang.invoke.DirectMethodHandle$Holder.invokeSpecial(java.lang.Object, java.lang.Object, java.lang.Object, java.lang.Object, java.lang.Object, java.lang.Object, java.lang.Object)'> (0x000000008d9b33a8) thrown at [./src/hotspot/share/interpreter/linkResolver.cpp, line 773]
Event: 7.076 Thread 0x0000026226728000 Exception <a 'java/lang/NoSuchMethodError'{0x000000008d9bb898}: 'java.lang.Object java.lang.invoke.Invokers$Holder.linkToTargetMethod(java.lang.Object, java.lang.Object, java.lang.Object, java.lang.Object, java.lang.Object, java.lang.Object)'> (0x000000008d9bb898) thrown at [./src/hotspot/share/interpreter/linkResolver.cpp, line 773]

Events (20 events):
Event: 7.155 loading class org/gradle/configuration/project/ProjectConfigureAction done
Event: 7.155 loading class org/gradle/api/internal/InternalAction
Event: 7.155 loading class org/gradle/api/internal/InternalAction done
Event: 7.156 Executing VM operation: RevokeBias
Event: 7.156 Executing VM operation: RevokeBias done
Event: 7.156 Executing VM operation: RevokeBias
Event: 7.156 Executing VM operation: RevokeBias done
Event: 7.156 Executing VM operation: RevokeBias
Event: 7.156 Executing VM operation: RevokeBias done
Event: 7.157 loading class org/gradle/initialization/buildsrc/GroovyBuildSrcProjectConfigurationAction
Event: 7.157 loading class org/gradle/initialization/buildsrc/GroovyBuildSrcProjectConfigurationAction done
Event: 7.158 Executing VM operation: RevokeBias
Event: 7.159 Executing VM operation: RevokeBias done
Event: 7.159 Executing VM operation: RevokeBias
Event: 7.159 Executing VM operation: RevokeBias done
Event: 7.159 Executing VM operation: RevokeBias
Event: 7.159 Executing VM operation: RevokeBias done
Event: 7.159 loading class org/gradle/kotlin/dsl/tooling/builders/BuildSrcClassPathModeConfigurationAction
Event: 7.159 loading class org/gradle/kotlin/dsl/tooling/builders/BuildSrcClassPathModeConfigurationAction done
Event: 7.160 Executing VM operation: CollectForMetadataAllocation


Dynamic libraries:
0x00007ff6e65b0000 - 0x00007ff6e65ba000 	C:\Program Files\Android\Android Studio\jre\bin\java.exe
0x00007ffd96a30000 - 0x00007ffd96c28000 	C:\WINDOWS\SYSTEM32\ntdll.dll
0x00007ffd94f20000 - 0x00007ffd94fdd000 	C:\WINDOWS\System32\KERNEL32.DLL
0x00007ffd946c0000 - 0x00007ffd9498e000 	C:\WINDOWS\System32\KERNELBASE.dll
0x00007ffd94150000 - 0x00007ffd94250000 	C:\WINDOWS\System32\ucrtbase.dll
0x00007ffd62220000 - 0x00007ffd62239000 	C:\Program Files\Android\Android Studio\jre\bin\jli.dll
0x00007ffd94a90000 - 0x00007ffd94c30000 	C:\WINDOWS\System32\USER32.dll
0x00007ffd94640000 - 0x00007ffd94662000 	C:\WINDOWS\System32\win32u.dll
0x00007ffd969c0000 - 0x00007ffd969ea000 	C:\WINDOWS\System32\GDI32.dll
0x00007ffd943d0000 - 0x00007ffd944db000 	C:\WINDOWS\System32\gdi32full.dll
0x00007ffd94300000 - 0x00007ffd9439d000 	C:\WINDOWS\System32\msvcp_win.dll
0x00007ffd87940000 - 0x00007ffd87957000 	C:\Program Files\Android\Android Studio\jre\bin\VCRUNTIME140.dll
0x00007ffd7fde0000 - 0x00007ffd8007a000 	C:\WINDOWS\WinSxS\amd64_microsoft.windows.common-controls_6595b64144ccf1df_6.0.19041.1110_none_60b5254171f9507e\COMCTL32.dll
0x00007ffd95010000 - 0x00007ffd950ae000 	C:\WINDOWS\System32\msvcrt.dll
0x00007ffd94fe0000 - 0x00007ffd95010000 	C:\WINDOWS\System32\IMM32.DLL
0x00007ffd0fa00000 - 0x00007ffd0fa9d000 	C:\Program Files\Android\Android Studio\jre\bin\msvcp140.dll
0x00007ffce2350000 - 0x00007ffce2e35000 	C:\Program Files\Android\Android Studio\jre\bin\server\jvm.dll
0x00007ffd96540000 - 0x00007ffd965ee000 	C:\WINDOWS\System32\ADVAPI32.dll
0x00007ffd96870000 - 0x00007ffd9690c000 	C:\WINDOWS\System32\sechost.dll
0x00007ffd94c30000 - 0x00007ffd94d55000 	C:\WINDOWS\System32\RPCRT4.dll
0x00007ffd94eb0000 - 0x00007ffd94eb8000 	C:\WINDOWS\System32\PSAPI.DLL
0x00007ffd81590000 - 0x00007ffd81599000 	C:\WINDOWS\SYSTEM32\WSOCK32.dll
0x00007ffd967a0000 - 0x00007ffd9680b000 	C:\WINDOWS\System32\WS2_32.dll
0x00007ffd81890000 - 0x00007ffd818b7000 	C:\WINDOWS\SYSTEM32\WINMM.dll
0x00007ffd880b0000 - 0x00007ffd880ba000 	C:\WINDOWS\SYSTEM32\VERSION.dll
0x00007ffd92040000 - 0x00007ffd92052000 	C:\WINDOWS\SYSTEM32\kernel.appcore.dll
0x00007ffd5e0a0000 - 0x00007ffd5e0b1000 	C:\Program Files\Android\Android Studio\jre\bin\verify.dll
0x00007ffd7dc80000 - 0x00007ffd7de64000 	C:\WINDOWS\SYSTEM32\DBGHELP.DLL
0x00007ffd7ac90000 - 0x00007ffd7acbc000 	C:\WINDOWS\SYSTEM32\dbgcore.DLL
0x00007ffd94990000 - 0x00007ffd94a12000 	C:\WINDOWS\System32\bcryptPrimitives.dll
0x00007ffd5cbe0000 - 0x00007ffd5cc09000 	C:\Program Files\Android\Android Studio\jre\bin\java.dll
0x00007ffd5cbd0000 - 0x00007ffd5cbdb000 	C:\Program Files\Android\Android Studio\jre\bin\jimage.dll
0x00007ffce2330000 - 0x00007ffce2348000 	C:\Program Files\Android\Android Studio\jre\bin\zip.dll
0x00007ffd95a00000 - 0x00007ffd96143000 	C:\WINDOWS\System32\SHELL32.dll
0x00007ffd92240000 - 0x00007ffd929d5000 	C:\WINDOWS\SYSTEM32\windows.storage.dll
0x00007ffd961e0000 - 0x00007ffd96534000 	C:\WINDOWS\System32\combase.dll
0x00007ffd93b40000 - 0x00007ffd93b70000 	C:\WINDOWS\SYSTEM32\Wldp.dll
0x00007ffd95950000 - 0x00007ffd959fd000 	C:\WINDOWS\System32\SHCORE.dll
0x00007ffd94d60000 - 0x00007ffd94db5000 	C:\WINDOWS\System32\shlwapi.dll
0x00007ffd94090000 - 0x00007ffd940af000 	C:\WINDOWS\SYSTEM32\profapi.dll
0x00007ffce22f0000 - 0x00007ffce230a000 	C:\Program Files\Android\Android Studio\jre\bin\net.dll
0x00007ffd87d10000 - 0x00007ffd87e1a000 	C:\WINDOWS\SYSTEM32\WINHTTP.dll
0x00007ffd938a0000 - 0x00007ffd9390a000 	C:\WINDOWS\system32\mswsock.dll
0x00007ffce22d0000 - 0x00007ffce22e4000 	C:\Program Files\Android\Android Studio\jre\bin\nio.dll
0x00007ffd620c0000 - 0x00007ffd620e7000 	C:\Users\Kolitha\.gradle\native\e1d6ef7f7dcc3fd88c89a11ec53ec762bb8ba0a96d01ffa2cd45eb1d1d8dd5c5\windows-amd64\native-platform.dll
0x00007ffd0cfd0000 - 0x00007ffd0d114000 	C:\Users\Kolitha\.gradle\native\5664cfc778a61ccfe75a443a1ab52a65af34e5dc3c78e0209fed803814484fcb\windows-amd64\native-platform-file-events.dll
0x00007ffd5cbc0000 - 0x00007ffd5cbca000 	C:\Program Files\Android\Android Studio\jre\bin\management.dll
0x00007ffd58310000 - 0x00007ffd5831d000 	C:\Program Files\Android\Android Studio\jre\bin\management_ext.dll
0x00007ffd93a90000 - 0x00007ffd93aa8000 	C:\WINDOWS\SYSTEM32\CRYPTSP.dll
0x00007ffd93220000 - 0x00007ffd93254000 	C:\WINDOWS\system32\rsaenh.dll
0x00007ffd943a0000 - 0x00007ffd943c7000 	C:\WINDOWS\System32\bcrypt.dll
0x00007ffd94050000 - 0x00007ffd9407e000 	C:\WINDOWS\SYSTEM32\USERENV.dll
0x00007ffd93ab0000 - 0x00007ffd93abc000 	C:\WINDOWS\SYSTEM32\CRYPTBASE.dll
0x00007ffd93590000 - 0x00007ffd935cb000 	C:\WINDOWS\SYSTEM32\IPHLPAPI.DLL
0x00007ffd96150000 - 0x00007ffd96158000 	C:\WINDOWS\System32\NSI.dll
0x00007ffd89570000 - 0x00007ffd89587000 	C:\WINDOWS\SYSTEM32\dhcpcsvc6.DLL
0x00007ffd896d0000 - 0x00007ffd896ed000 	C:\WINDOWS\SYSTEM32\dhcpcsvc.DLL
0x00007ffd935d0000 - 0x00007ffd9369a000 	C:\WINDOWS\SYSTEM32\DNSAPI.dll

dbghelp: loaded successfully - version: 4.0.5 - missing functions: none
symbol engine: initialized successfully - sym options: 0x614 - pdb path: .;C:\Program Files\Android\Android Studio\jre\bin;C:\WINDOWS\SYSTEM32;C:\WINDOWS\WinSxS\amd64_microsoft.windows.common-controls_6595b64144ccf1df_6.0.19041.1110_none_60b5254171f9507e;C:\Program Files\Android\Android Studio\jre\bin\server;C:\Users\Kolitha\.gradle\native\e1d6ef7f7dcc3fd88c89a11ec53ec762bb8ba0a96d01ffa2cd45eb1d1d8dd5c5\windows-amd64;C:\Users\Kolitha\.gradle\native\5664cfc778a61ccfe75a443a1ab52a65af34e5dc3c78e0209fed803814484fcb\windows-amd64

VM Arguments:
jvm_args: --add-opens=java.base/java.util=ALL-UNNAMED --add-opens=java.base/java.lang=ALL-UNNAMED --add-opens=java.base/java.lang.invoke=ALL-UNNAMED --add-opens=java.base/java.util=ALL-UNNAMED --add-opens=java.prefs/java.util.prefs=ALL-UNNAMED --add-opens=java.prefs/java.util.prefs=ALL-UNNAMED --add-opens=java.base/java.nio.charset=ALL-UNNAMED --add-opens=java.base/java.net=ALL-UNNAMED --add-opens=java.base/java.util.concurrent.atomic=ALL-UNNAMED -Xmx2048m -Dfile.encoding=UTF-8 -Duser.country=US -Duser.language=en -Duser.variant 
java_command: org.gradle.launcher.daemon.bootstrap.GradleDaemon 7.3.3
java_class_path (initial): C:\Users\Kolitha\.gradle\wrapper\dists\gradle-7.3.3-bin\6a41zxkdtcxs8rphpq6y0069z\gradle-7.3.3\lib\gradle-launcher-7.3.3.jar
Launcher Type: SUN_STANDARD

[Global flags]
     intx CICompilerCount                          = 3                                         {product} {ergonomic}
     uint ConcGCThreads                            = 1                                         {product} {ergonomic}
     uint G1ConcRefinementThreads                  = 4                                         {product} {ergonomic}
   size_t G1HeapRegionSize                         = 1048576                                   {product} {ergonomic}
    uintx GCDrainStackTargetSize                   = 64                                        {product} {ergonomic}
   size_t InitialHeapSize                          = 268435456                                 {product} {ergonomic}
   size_t MarkStackSize                            = 4194304                                   {product} {ergonomic}
   size_t MaxHeapSize                              = 2147483648                                {product} {command line}
   size_t MaxNewSize                               = 1287651328                                {product} {ergonomic}
   size_t MinHeapDeltaBytes                        = 1048576                                   {product} {ergonomic}
    uintx NonNMethodCodeHeapSize                   = 5830732                                {pd product} {ergonomic}
    uintx NonProfiledCodeHeapSize                  = 122913754                              {pd product} {ergonomic}
    uintx ProfiledCodeHeapSize                     = 122913754                              {pd product} {ergonomic}
    uintx ReservedCodeCacheSize                    = 251658240                              {pd product} {ergonomic}
     bool SegmentedCodeCache                       = true                                      {product} {ergonomic}
     bool UseCompressedClassPointers               = true                                 {lp64_product} {ergonomic}
     bool UseCompressedOops                        = true                                 {lp64_product} {ergonomic}
     bool UseG1GC                                  = true                                      {product} {ergonomic}
     bool UseLargePagesIndividualAllocation        = false                                  {pd product} {ergonomic}

Logging:
Log output configuration:
 #0: stdout all=warning uptime,level,tags
 #1: stderr all=off uptime,level,tags

Environment Variables:
JAVA_HOME=C:\Program Files\Java\jdk1.8.0_321
PATH=C:\Python310\Scripts\;C:\Python310\;C:\Program Files (x86)\Common Files\Oracle\Java\javapath;C:\Program Files\Java\jdk1.8.0_321\bin;C:\WINDOWS\system32;C:\WINDOWS;C:\WINDOWS\System32\Wbem;C:\WINDOWS\System32\WindowsPowerShell\v1.0\;C:\WINDOWS\System32\OpenSSH\;C:\Program Files (x86)\Microsoft SQL Server\150\DTS\Binn\;C:\Program Files\nodejs\;C:\ProgramData\chocolatey\bin;C:\Program Files (x86)\Git\cmd;C:\Users\Kolitha\AppData\Local\Programs\Python\Python310\Scripts\;C:\Users\Kolitha\AppData\Local\Programs\Python\Python310\;C:\Program Files\MySQL\MySQL Shell 8.0\bin\;C:\Users\Kolitha\AppData\Local\Programs\Microsoft VS Code\bin;C:\Users\Kolitha\AppData\Local\Microsoft\WindowsApps;C:\Program Files\Azure Data Studio\bin;C:\Users\Kolitha\AppData\Roaming\npm
USERNAME=Kolitha
OS=Windows_NT
PROCESSOR_IDENTIFIER=Intel64 Family 6 Model 69 Stepping 1, GenuineIntel



---------------  S Y S T E M  ---------------

OS: Windows 10 , 64 bit Build 19041 (10.0.19041.1889)
OS uptime: 0 days 14:11 hours

CPU:total 4 (initial active 4) (2 cores per cpu, 2 threads per core) family 6 model 69 stepping 1 microcode 0x25, cmov, cx8, fxsr, mmx, sse, sse2, sse3, ssse3, sse4.1, sse4.2, popcnt, avx, avx2, aes, clmul, erms, lzcnt, ht, tsc, tscinvbit, bmi1, bmi2, fma

Memory: 4k page, system-wide physical 16281M (2712M free)
TotalPageFile size 18329M (AvailPageFile size 0M)
current process WorkingSet (physical memory assigned to process): 187M, peak: 187M
current process commit charge ("private bytes"): 394M, peak: 395M

vm_info: OpenJDK 64-Bit Server VM (11.0.12+7-b1504.28-7817840) for windows-amd64 JRE (11.0.12+7-b1504.28-7817840), built on Oct 13 2021 22:12:33 by "builder" with MS VC++ 14.0 (VS2015)

END.
